*
* Visual Studio Code Server
*
* By using the software, you agree to
* the Visual Studio Code Server License Terms (https://aka.ms/vscode-server-license) and
* the Microsoft Privacy Statement (https://privacy.microsoft.com/en-US/privacystatement).
*
Server bound to 127.0.0.1:41331 (IPv4)
Extension host agent listening on 41331

[17:22:21] 




[17:22:21] Extension host agent started.
[17:22:22] [127.0.0.1][43a60420][ManagementConnection] New connection established.
[17:22:22] [127.0.0.1][ab87b407][ExtensionHostConnection] New connection established.
[17:22:22] [127.0.0.1][ab87b407][ExtensionHostConnection] <3322653> Launched Extension Host Process.
[17:22:39] [127.0.0.1][43a60420][ManagementConnection] The client has disconnected gracefully, so the connection will be disposed.
[17:22:39] Error: Throttler is disposed
    at r.queue (/home/estudiante/.vscode-server/bin/6c3e3dba23e8fadc360aed75ce363ba185c49794/out/vs/server/node/server.main.js:70:13612)
    at /home/estudiante/.vscode-server/bin/6c3e3dba23e8fadc360aed75ce363ba185c49794/out/vs/server/node/server.main.js:70:15183
    at /home/estudiante/.vscode-server/bin/6c3e3dba23e8fadc360aed75ce363ba185c49794/out/vs/server/node/server.main.js:70:14822
    at runNextTicks (node:internal/process/task_queues:61:5)
    at listOnTimeout (node:internal/timers:528:9)
    at processTimers (node:internal/timers:502:7)
[17:22:39] [127.0.0.1][ab87b407][ExtensionHostConnection] <3322653> Extension Host Process exited with code: 0, signal: null.
Cancelling previous shutdown timeout
[17:22:39] Cancelling previous shutdown timeout
Last EH closed, waiting before shutting down
[17:22:39] Last EH closed, waiting before shutting down
Last EH closed, shutting down
[17:27:39] Last EH closed, shutting down
